<?xml version="1.0" encoding="UTF-8"?>
<testsuite xmlns:xsi="http://www.w3.org/2001/XMLSchema-instance" xsi:noNamespaceSchemaLocation="https://maven.apache.org/surefire/maven-surefire-plugin/xsd/surefire-test-report-3.0.xsd" version="3.0" name="TestSuite" time="59.119" tests="6" errors="0" skipped="0" failures="0">
  <properties>
[...]
</properties>
  <testcase name="failLoginTest" classname="UItest.Tests" time="1.926">
    <system-err><![CDATA[SLF4J: Failed to load class "org.slf4j.impl.StaticLoggerBinder".
SLF4J: Defaulting to no-operation (NOP) logger implementation
SLF4J: See http://www.slf4j.org/codes.html#StaticLoggerBinder for further details.
Sep 08, 2023 4:18:49 PM org.openqa.selenium.devtools.CdpVersionFinder findNearestMatch
WARNING: Unable to find an exact match for CDP version 116, so returning the closest version found: 115
Sep 08, 2023 4:18:52 PM Pages.MainPage goLogin
INFO: ---------------------START TEST--------------------------------------
Sep 08, 2023 4:18:53 PM Pages.MainPage goLogin
INFO: Login button clicked
Sep 08, 2023 4:18:53 PM Pages.LoginPage wrongCredentials
INFO: Enter wrong username
Sep 08, 2023 4:18:53 PM Pages.LoginPage wrongCredentials
INFO: Enter wrong password
Sep 08, 2023 4:18:54 PM Pages.LoginPage wrongCredentials
INFO: Click on Login button
Sep 08, 2023 4:18:54 PM Pages.LoginPage getTextTitle
INFO: Saving selected movie title
Sep 08, 2023 4:18:54 PM Pages.LoginPage getErrorMessages
INFO: Verifying error message structure
]]></system-err>
  </testcase>
  <testcase name="loginTest" classname="UItest.Tests" time="1.87">
    <system-err><![CDATA[Sep 08, 2023 4:18:59 PM org.openqa.selenium.devtools.CdpVersionFinder findNearestMatch
WARNING: Unable to find an exact match for CDP version 116, so returning the closest version found: 115
Sep 08, 2023 4:19:02 PM Pages.MainPage goLogin
INFO: ---------------------START TEST--------------------------------------
Sep 08, 2023 4:19:02 PM Pages.MainPage goLogin
INFO: Login button clicked
Sep 08, 2023 4:19:02 PM Pages.LoginPage enterCredentials
INFO: Enter login page
Sep 08, 2023 4:19:02 PM Pages.LoginPage enterCredentials
INFO: Input username
Sep 08, 2023 4:19:03 PM Pages.LoginPage enterCredentials
INFO: Input password
Sep 08, 2023 4:19:03 PM Pages.LoginPage enterCredentials
INFO: Click on Login button
Sep 08, 2023 4:19:03 PM Pages.ProfilePage getLoggedIn
INFO: Enter profile page
]]></system-err>
  </testcase>
  <testcase name="movieGenreFilter" classname="UItest.Tests" time="3.902">
    <system-err><![CDATA[Sep 08, 2023 4:19:08 PM org.openqa.selenium.devtools.CdpVersionFinder findNearestMatch
WARNING: Unable to find an exact match for CDP version 116, so returning the closest version found: 115
Sep 08, 2023 4:19:11 PM Pages.MainPage goTopRatedMovies
INFO: ---------------------START TEST--------------------------------------
Sep 08, 2023 4:19:11 PM Pages.MainPage goTopRatedMovies
INFO: Movies button in navbar clicked
Sep 08, 2023 4:19:12 PM Pages.MainPage goTopRatedMovies
INFO: Clicked on Top Rated movies
Sep 08, 2023 4:19:13 PM Pages.TopRatedPage filterActionGenre
INFO: Activate action filter search
Sep 08, 2023 4:19:13 PM Pages.TopRatedPage filterActionGenre
INFO: Wait until all query's are run
Sep 08, 2023 4:19:14 PM Pages.TopRatedPage filterActionGenre
INFO: Choose random movie
]]></system-err>
  </testcase>
  <testcase name="searchMovie" classname="UItest.Tests" time="1.93">
    <system-err><![CDATA[Sep 08, 2023 4:19:19 PM org.openqa.selenium.devtools.CdpVersionFinder findNearestMatch
WARNING: Unable to find an exact match for CDP version 116, so returning the closest version found: 115
Sep 08, 2023 4:19:20 PM Pages.MainPage searchMovie
INFO: ---------------------START TEST--------------------------------------
Sep 08, 2023 4:19:21 PM Pages.MainPage searchMovie
INFO: Enter movie search
Sep 08, 2023 4:19:22 PM Pages.MainPage searchMovie
INFO: Search movie
Sep 08, 2023 4:19:22 PM Pages.SearchPage getFirstResult
INFO: Select first movie
]]></system-err>
  </testcase>
  <testcase name="sortTopMoviesAscendingTimeOrder" classname="UItest.Tests" time="2.994">
    <system-err><![CDATA[Sep 08, 2023 4:19:26 PM org.openqa.selenium.devtools.CdpVersionFinder findNearestMatch
WARNING: Unable to find an exact match for CDP version 116, so returning the closest version found: 115
Sep 08, 2023 4:19:29 PM Pages.MainPage goTopRatedMovies
INFO: ---------------------START TEST--------------------------------------
Sep 08, 2023 4:19:29 PM Pages.MainPage goTopRatedMovies
INFO: Movies button in navbar clicked
Sep 08, 2023 4:19:30 PM Pages.MainPage goTopRatedMovies
INFO: Clicked on Top Rated movies
Sep 08, 2023 4:19:31 PM Pages.TopRatedPage orderAscendingReleaseDate
INFO: Sorting by ascending release date
Sep 08, 2023 4:19:31 PM Pages.TopRatedPage orderAscendingReleaseDate
INFO: Wait until all query's are run
Sep 08, 2023 4:19:32 PM Pages.TopRatedPage orderAscendingReleaseDate
INFO: Verifying order: 1897 <? 1902 <? 1903 <? 1915
Sep 08, 2023 4:19:32 PM Pages.TopRatedPage orderAscendingReleaseDate
INFO: Is in ascending order
]]></system-err>
  </testcase>
  <testcase name="validateActingTimeline" classname="UItest.Tests" time="2.683">
    <system-err><![CDATA[Sep 08, 2023 4:19:36 PM org.openqa.selenium.devtools.CdpVersionFinder findNearestMatch
WARNING: Unable to find an exact match for CDP version 116, so returning the closest version found: 115
Sep 08, 2023 4:19:38 PM Pages.MainPage goToMovie
INFO: ---------------------START TEST--------------------------------------
Sep 08, 2023 4:19:40 PM Pages.MainPage goToMovie
INFO: Choose random movie
Sep 08, 2023 4:19:40 PM Pages.MovieInfoPage getMovieTittle
INFO: Getting movie title
Sep 08, 2023 4:19:40 PM Pages.MovieInfoPage selectActor
INFO: Getting number of bill actor cast
Sep 08, 2023 4:19:41 PM Pages.MovieInfoPage selectActor
INFO: Select one of the actors
Sep 08, 2023 4:19:41 PM Pages.ActorInfoPage searchMovieActorTimeline
INFO: Searching for movie title in actors timeline
]]></system-err>
  </testcase>
</testsuite>