<?xml version="1.0" encoding="UTF-8"?>
<testng-results ignored="0" total="6" passed="6" failed="0" skipped="0">
  <reporter-output>
  </reporter-output>
  <suite started-at="2023-09-08T16:18:43 COT" name="Regression" finished-at="2023-09-08T16:19:41 COT" duration-ms="58515">
    <groups>
    </groups>
    <test started-at="2023-09-08T16:18:43 COT" name="Demo" finished-at="2023-09-08T16:19:41 COT" duration-ms="58515">
      <class name="UItest.Tests">
        <test-method is-config="true" signature="setup()[pri:0, instance:UItest.Tests@3427b02d]" started-at="2023-09-08T16:18:43 COT" name="setup" finished-at="2023-09-08T16:18:52 COT" duration-ms="9566" status="PASS">
          <reporter-output>
          </reporter-output>
        </test-method> <!-- setup -->
        <test-method signature="failLoginTest()[pri:0, instance:UItest.Tests@3427b02d]" started-at="2023-09-08T16:18:52 COT" name="failLoginTest" finished-at="2023-09-08T16:18:54 COT" duration-ms="1927" status="PASS">
          <reporter-output>
          </reporter-output>
        </test-method> <!-- failLoginTest -->
        <test-method is-config="true" signature="teardown()[pri:0, instance:UItest.Tests@3427b02d]" started-at="2023-09-08T16:18:54 COT" name="teardown" finished-at="2023-09-08T16:18:55 COT" duration-ms="384" status="PASS">
          <reporter-output>
          </reporter-output>
        </test-method> <!-- teardown -->
        <test-method is-config="true" signature="setup()[pri:0, instance:UItest.Tests@3427b02d]" started-at="2023-09-08T16:18:55 COT" name="setup" finished-at="2023-09-08T16:19:02 COT" duration-ms="6823" status="PASS">
          <reporter-output>
          </reporter-output>
        </test-method> <!-- setup -->
        <test-method signature="loginTest()[pri:0, instance:UItest.Tests@3427b02d]" started-at="2023-09-08T16:19:02 COT" name="loginTest" finished-at="2023-09-08T16:19:03 COT" duration-ms="1869" status="PASS">
          <reporter-output>
          </reporter-output>
        </test-method> <!-- loginTest -->
        <test-method is-config="true" signature="teardown()[pri:0, instance:UItest.Tests@3427b02d]" started-at="2023-09-08T16:19:03 COT" name="teardown" finished-at="2023-09-08T16:19:04 COT" duration-ms="340" status="PASS">
          <reporter-output>
          </reporter-output>
        </test-method> <!-- teardown -->
        <test-method is-config="true" signature="setup()[pri:0, instance:UItest.Tests@3427b02d]" started-at="2023-09-08T16:19:04 COT" name="setup" finished-at="2023-09-08T16:19:10 COT" duration-ms="6741" status="PASS">
          <reporter-output>
          </reporter-output>
        </test-method> <!-- setup -->
        <test-method signature="movieGenreFilter()[pri:0, instance:UItest.Tests@3427b02d]" started-at="2023-09-08T16:19:10 COT" name="movieGenreFilter" finished-at="2023-09-08T16:19:14 COT" duration-ms="3909" status="PASS">
          <reporter-output>
          </reporter-output>
        </test-method> <!-- movieGenreFilter -->
        <test-method is-config="true" signature="teardown()[pri:0, instance:UItest.Tests@3427b02d]" started-at="2023-09-08T16:19:14 COT" name="teardown" finished-at="2023-09-08T16:19:15 COT" duration-ms="301" status="PASS">
          <reporter-output>
          </reporter-output>
        </test-method> <!-- teardown -->
        <test-method is-config="true" signature="setup()[pri:0, instance:UItest.Tests@3427b02d]" started-at="2023-09-08T16:19:15 COT" name="setup" finished-at="2023-09-08T16:19:20 COT" duration-ms="5242" status="PASS">
          <reporter-output>
          </reporter-output>
        </test-method> <!-- setup -->
        <test-method signature="searchMovie()[pri:0, instance:UItest.Tests@3427b02d]" started-at="2023-09-08T16:19:20 COT" name="searchMovie" finished-at="2023-09-08T16:19:22 COT" duration-ms="1930" status="PASS">
          <reporter-output>
          </reporter-output>
        </test-method> <!-- searchMovie -->
        <test-method is-config="true" signature="teardown()[pri:0, instance:UItest.Tests@3427b02d]" started-at="2023-09-08T16:19:22 COT" name="teardown" finished-at="2023-09-08T16:19:22 COT" duration-ms="315" status="PASS">
          <reporter-output>
          </reporter-output>
        </test-method> <!-- teardown -->
        <test-method is-config="true" signature="setup()[pri:0, instance:UItest.Tests@3427b02d]" started-at="2023-09-08T16:19:22 COT" name="setup" finished-at="2023-09-08T16:19:29 COT" duration-ms="6393" status="PASS">
          <reporter-output>
          </reporter-output>
        </test-method> <!-- setup -->
        <test-method signature="sortTopMoviesAscendingTimeOrder()[pri:0, instance:UItest.Tests@3427b02d]" started-at="2023-09-08T16:19:29 COT" name="sortTopMoviesAscendingTimeOrder" finished-at="2023-09-08T16:19:32 COT" duration-ms="2994" status="PASS">
          <reporter-output>
          </reporter-output>
        </test-method> <!-- sortTopMoviesAscendingTimeOrder -->
        <test-method is-config="true" signature="teardown()[pri:0, instance:UItest.Tests@3427b02d]" started-at="2023-09-08T16:19:32 COT" name="teardown" finished-at="2023-09-08T16:19:32 COT" duration-ms="336" status="PASS">
          <reporter-output>
          </reporter-output>
        </test-method> <!-- teardown -->
        <test-method is-config="true" signature="setup()[pri:0, instance:UItest.Tests@3427b02d]" started-at="2023-09-08T16:19:32 COT" name="setup" finished-at="2023-09-08T16:19:38 COT" duration-ms="6376" status="PASS">
          <reporter-output>
          </reporter-output>
        </test-method> <!-- setup -->
        <test-method signature="validateActingTimeline()[pri:0, instance:UItest.Tests@3427b02d]" started-at="2023-09-08T16:19:38 COT" name="validateActingTimeline" finished-at="2023-09-08T16:19:41 COT" duration-ms="2688" status="PASS">
          <reporter-output>
          </reporter-output>
        </test-method> <!-- validateActingTimeline -->
        <test-method is-config="true" signature="teardown()[pri:0, instance:UItest.Tests@3427b02d]" started-at="2023-09-08T16:19:41 COT" name="teardown" finished-at="2023-09-08T16:19:41 COT" duration-ms="318" status="PASS">
          <reporter-output>
          </reporter-output>
        </test-method> <!-- teardown -->
      </class> <!-- UItest.Tests -->
    </test> <!-- Demo -->
  </suite> <!-- Regression -->
</testng-results>
