<?xml version="1.0" encoding="UTF-8"?>
<!-- Generated by org.testng.reporters.JUnitXMLReporter -->
<testsuite ignored="0" hostname="EN911327" failures="0" tests="6" name="Demo" time="58.515" errors="0" timestamp="2023-09-08T16:19:41 COT">
  <testcase classname="UItest.Tests" name="failLoginTest" time="1.927"/>
  <testcase classname="UItest.Tests" name="loginTest" time="1.869"/>
  <testcase classname="UItest.Tests" name="movieGenreFilter" time="3.909"/>
  <testcase classname="UItest.Tests" name="searchMovie" time="1.93"/>
  <testcase classname="UItest.Tests" name="sortTopMoviesAscendingTimeOrder" time="2.994"/>
  <testcase classname="UItest.Tests" name="validateActingTimeline" time="2.688"/>
</testsuite> <!-- Demo -->
